2025-04-02 14:19:39,435 - INFO - 

    ==============================================================================================
         ____  ____  ____  ______________________    ______________    ____  ________________
        / __ \/ __ \/ __ \/ ____/ ____/ ___/ ___/   / ___/_  __/   |  / __ \/_  __/ ____/ __ \ 
       / /_/ / /_/ / / / / /   / __/  \__ \__ \    \__ \ / / / /| | / /_/ / / / / __/ / / / /
      / ____/ _, _/ /_/ / /___/ /___ ___/ /__/ /   ___/ // / / ___ |/ _, _/ / / / /___/ /_/ / _ _
     /_/   /_/ |_|\____/\____/_____//____/____/   /____//_/ /_/  |_/_/ |_| /_/ /_____/_____(_|_|_)

    PROCESS STARTED...
    ==============================================================================================
2025-04-02 14:19:41,668 - INFO - All datasets have been successfully saved to 01_ETL/01_opendata.swiss/opendata_swiss_datasets.csv
2025-04-02 14:19:41,735 - INFO - Finished downloading and processing 13221 datasets.
2025-04-02 14:19:41,762 - INFO - Starting download of 50 dataset metadata files...
2025-04-02 14:20:38,259 - INFO - All XML metadata files have been successfully saved in 01_ETL/01_opendata.swiss/saved_metadata_xml
2025-04-02 14:20:38,270 - INFO - Starting cleaning of XML ['01_ETL\\01_opendata.swiss\\saved_metadata_xml']
2025-04-02 14:20:47,791 - INFO - Start extraction form opendata.swiss XML files
2025-04-02 14:20:47,964 - INFO - All files from '01_ETL\01_opendata.swiss\saved_metadata_xml' extracted and saved to '01_ETL\01_opendata.swiss'.
2025-04-02 14:20:47,978 - INFO - Metadata extraction and CSV export completed successfully.
2025-04-02 14:20:48,319 - INFO - Start merging of files
2025-04-02 14:20:48,403 - INFO - Dataset files successful merged
2025-04-02 14:20:48,513 - INFO - Distribution files successful merged
2025-04-02 14:20:48,597 - INFO - Contact Point files successful merged
2025-04-02 14:20:49,223 - ERROR - Error loading CSV '01_ETL\11_group\merged_dataset_metadata.csv' into table 'merged_dataset_metadata' | Exception: duplicate key value violates unique constraint "merged_dataset_metadata_pkey"
DETAIL:  Key (dataset_identifier)=(da4696e6-c546-4a4f-bbf4-36d5d01c9e2f-6571@agis_service_center) already exists.
CONTEXT:  COPY merged_dataset_metadata, line 2

